<?xml version="1.0" encoding="UTF-8"?>
<!-- Generated by org.testng.reporters.JUnitReportReporter -->
<testsuite hostname="C02CP60JMD6M-karthikeyans" failures="0" tests="1" name="zap_security.ZapConfig" time="55.234" errors="0" timestamp="2023-11-16T15:28:14 IST" skipped="0">
  <testcase classname="zap_security.ZapConfig" name="WelcomePage" time="55.234"/>
  <system-out/>
</testsuite> <!-- zap_security.ZapConfig -->
